21:57:52 **** Incremental Build of configuration Debug for project HAL_BSP_gyro ****
make -j4 all 
arm-atollic-eabi-gcc -c -mthumb -mcpu=cortex-m4 -mfloat-abi=hard -mfpu=fpv4-sp-d16 -std=gnu11 -D__weak=__attribute__((weak)) -D__packed=__attribute__((__packed__)) -DUSE_HAL_DRIVER -DSTM32F429xx -I../Inc -I"F:\git\stm\32F429IDISCOVERY\cubeMX\HAL_BSP_gyro\Drivers\BSP" -I"F:\git\stm\32F429IDISCOVERY\cubeMX\HAL_BSP_gyro\Drivers\BSP\Inc" -I../Drivers/STM32F4xx_HAL_Driver/Inc -I../Drivers/STM32F4xx_HAL_Driver/Inc/Legacy -I../Drivers/CMSIS/Device/ST/STM32F4xx/Include -I../Drivers/CMSIS/Include -Os -ffunction-sections -fdata-sections -g -fstack-usage -Wall -MMD -MP -MF"Src/main.d" -MT"Src/main.o" -specs=nano.specs -o "Src/main.o" "../Src/main.c"
arm-atollic-eabi-gcc -o "HAL_BSP_gyro.elf"  ./startup/startup_stm32f429xx.o  ./Src/main.o ./Src/stm32f4xx_hal_msp.o ./Src/stm32f4xx_it.o ./Src/syscalls.o ./Src/system_stm32f4xx.o  ./Drivers/STM32F4xx_HAL_Driver/Src/stm32f4xx_hal.o ./Drivers/STM32F4xx_HAL_Driver/Src/stm32f4xx_hal_cortex.o ./Drivers/STM32F4xx_HAL_Driver/Src/stm32f4xx_hal_dma.o ./Drivers/STM32F4xx_HAL_Driver/Src/stm32f4xx_hal_dma_ex.o ./Drivers/STM32F4xx_HAL_Driver/Src/stm32f4xx_hal_exti.o ./Drivers/STM32F4xx_HAL_Driver/Src/stm32f4xx_hal_flash.o ./Drivers/STM32F4xx_HAL_Driver/Src/stm32f4xx_hal_flash_ex.o ./Drivers/STM32F4xx_HAL_Driver/Src/stm32f4xx_hal_flash_ramfunc.o ./Drivers/STM32F4xx_HAL_Driver/Src/stm32f4xx_hal_gpio.o ./Drivers/STM32F4xx_HAL_Driver/Src/stm32f4xx_hal_i2c.o ./Drivers/STM32F4xx_HAL_Driver/Src/stm32f4xx_hal_i2c_ex.o ./Drivers/STM32F4xx_HAL_Driver/Src/stm32f4xx_hal_pwr.o ./Drivers/STM32F4xx_HAL_Driver/Src/stm32f4xx_hal_pwr_ex.o ./Drivers/STM32F4xx_HAL_Driver/Src/stm32f4xx_hal_rcc.o ./Drivers/STM32F4xx_HAL_Driver/Src/stm32f4xx_hal_rcc_ex.o ./Drivers/STM32F4xx_HAL_Driver/Src/stm32f4xx_hal_spi.o ./Drivers/STM32F4xx_HAL_Driver/Src/stm32f4xx_hal_tim.o ./Drivers/STM32F4xx_HAL_Driver/Src/stm32f4xx_hal_tim_ex.o ./Drivers/STM32F4xx_HAL_Driver/Src/stm32f4xx_hal_uart.o  ./Drivers/BSP/Src/l3gd20.o ./Drivers/BSP/Src/stm32f429i_discovery.o ./Drivers/BSP/Src/stm32f429i_discovery_gyroscope.o    -mthumb -mcpu=cortex-m4 -mfloat-abi=hard -mfpu=fpv4-sp-d16 -T"../STM32F429ZI_FLASH.ld" -specs=nosys.specs -static -u_printf_float "-Wl,-Map=HAL_BSP_gyro.map" -Wl,--gc-sections -Wl,--defsym=malloc_getpagesize_P=0x80 -Wl,--start-group -lc -lm -Wl,--end-group -specs=nano.specs
make --no-print-directory post-build
arm-atollic-eabi-objcopy.exe -O ihex "HAL_BSP_gyro.elf" "HAL_BSP_gyro.hex"
' '
"C:\Program Files (x86)\Atollic\TrueSTUDIO for STM32 9.3.0\ide\jre\bin\java" -jar "C:\Program Files (x86)\Atollic\TrueSTUDIO for STM32 9.3.0\Tools\arm-atollic-reports.jar" sizeinfo list HAL_BSP_gyro.elf
Generate build reports...
Print size information
   text	   data	    bss	    dec	    hex	filename
  21676	    540	   1912	  24128	   5e40	HAL_BSP_gyro.elf
Print size information done
Generate listing file
Output sent to: HAL_BSP_gyro.list
Generate listing file done
Generate build reports done
21:57:56 **** Incremental Build of configuration Debug for project HAL_BSP_gyro ****
make -j4 all 
"C:\Program Files (x86)\Atollic\TrueSTUDIO for STM32 9.3.0\ide\jre\bin\java" -jar "C:\Program Files (x86)\Atollic\TrueSTUDIO for STM32 9.3.0\Tools\arm-atollic-reports.jar" sizeinfo list HAL_BSP_gyro.elf
Generate build reports...
Print size information
   text	   data	    bss	    dec	    hex	filename
  21676	    540	   1912	  24128	   5e40	HAL_BSP_gyro.elf
Print size information done
Generate listing file
Output sent to: HAL_BSP_gyro.list
Generate listing file done
Generate build reports done
